<?xml version="1.0" encoding="UTF-8"?>
<testsuite xmlns:xsi="http://www.w3.org/2001/XMLSchema-instance" xsi:noNamespaceSchemaLocation="https://maven.apache.org/surefire/maven-surefire-plugin/xsd/surefire-test-report.xsd" version="3.0.2" name="tn.esprit.evaluation.EvaluationApplicationTests" time="34.712" tests="1" errors="0" skipped="0" failures="0">
  <properties>
[...]
</properties>
  <testcase name="contextLoads" classname="tn.esprit.evaluation.EvaluationApplicationTests" time="1.191">
    <system-out><![CDATA[13:30:01.881 [main] INFO org.springframework.test.context.support.AnnotationConfigContextLoaderUtils -- Could not detect default configuration classes for test class [tn.esprit.evaluation.EvaluationApplicationTests]: EvaluationApplicationTests does not declare any static, non-private, non-final, nested classes annotated with @Configuration.
13:30:02.320 [main] INFO org.springframework.boot.test.context.SpringBootTestContextBootstrapper -- Found @SpringBootConfiguration tn.esprit.evaluation.EvaluationApplication for test class tn.esprit.evaluation.EvaluationApplicationTests

  .   ____          _            __ _ _
 /\\ / ___'_ __ _ _(_)_ __  __ _ \ \ \ \
( ( )\___ | '_ | '_| | '_ \/ _` | \ \ \ \
 \\/  ___)| |_)| | | | | || (_| |  ) ) ) )
  '  |____| .__|_| |_|_| |_\__, | / / / /
 =========|_|==============|___/=/_/_/_/

 :: Spring Boot ::                (v4.0.2)

2026-04-30T13:30:05.313+01:00  INFO 15704 --- [EVALUATION] [           main] t.e.e.EvaluationApplicationTests         : Starting EvaluationApplicationTests using Java 17.0.18 with PID 15704 (started by benay in C:\Users\benay\Downloads\validation\backend\microservices\Evaluation)
2026-04-30T13:30:05.315+01:00  INFO 15704 --- [EVALUATION] [           main] t.e.e.EvaluationApplicationTests         : The following 1 profile is active: "test"
2026-04-30T13:30:05.394+01:00  INFO 15704 --- [EVALUATION] [           main] o.s.c.c.c.ConfigServerConfigDataLoader   : Fetching config from server at : http://localhost:8888
2026-04-30T13:30:05.394+01:00  INFO 15704 --- [EVALUATION] [           main] o.s.c.c.c.ConfigServerConfigDataLoader   : Exception on Url - http://localhost:8888:org.springframework.web.client.ResourceAccessException: I/O error on GET request for "http://localhost:8888/EVALUATION/default": Connection refused: getsockopt. Will be trying the next url if available
2026-04-30T13:30:05.395+01:00  WARN 15704 --- [EVALUATION] [           main] o.s.c.c.c.ConfigServerConfigDataLoader   : Could not locate PropertySource ([ConfigServerConfigDataResource@56d742ad uris = array<String>['http://localhost:8888'], optional = true, profiles = 'default']): I/O error on GET request for "http://localhost:8888/EVALUATION/default": Connection refused: getsockopt
2026-04-30T13:30:05.395+01:00  INFO 15704 --- [EVALUATION] [           main] o.s.c.c.c.ConfigServerConfigDataLoader   : Fetching config from server at : http://localhost:8888
2026-04-30T13:30:05.396+01:00  INFO 15704 --- [EVALUATION] [           main] o.s.c.c.c.ConfigServerConfigDataLoader   : Exception on Url - http://localhost:8888:org.springframework.web.client.ResourceAccessException: I/O error on GET request for "http://localhost:8888/EVALUATION/test": Connection refused: getsockopt. Will be trying the next url if available
2026-04-30T13:30:05.396+01:00  WARN 15704 --- [EVALUATION] [           main] o.s.c.c.c.ConfigServerConfigDataLoader   : Could not locate PropertySource ([ConfigServerConfigDataResource@e890591 uris = array<String>['http://localhost:8888'], optional = true, profiles = 'test']): I/O error on GET request for "http://localhost:8888/EVALUATION/test": Connection refused: getsockopt
2026-04-30T13:30:05.397+01:00  INFO 15704 --- [EVALUATION] [           main] o.s.c.c.c.ConfigServerConfigDataLoader   : Fetching config from server at : http://localhost:8888
2026-04-30T13:30:05.397+01:00  INFO 15704 --- [EVALUATION] [           main] o.s.c.c.c.ConfigServerConfigDataLoader   : Exception on Url - http://localhost:8888:org.springframework.web.client.ResourceAccessException: I/O error on GET request for "http://localhost:8888/EVALUATION/default": Connection refused: getsockopt. Will be trying the next url if available
2026-04-30T13:30:05.397+01:00  WARN 15704 --- [EVALUATION] [           main] o.s.c.c.c.ConfigServerConfigDataLoader   : Could not locate PropertySource ([ConfigServerConfigDataResource@1aaf73b7 uris = array<String>['http://localhost:8888'], optional = true, profiles = 'default']): I/O error on GET request for "http://localhost:8888/EVALUATION/default": Connection refused: getsockopt
2026-04-30T13:30:07.696+01:00  INFO 15704 --- [EVALUATION] [           main] .s.d.r.c.RepositoryConfigurationDelegate : Bootstrapping Spring Data JPA repositories in DEFAULT mode.
2026-04-30T13:30:08.318+01:00  INFO 15704 --- [EVALUATION] [           main] .s.d.r.c.RepositoryConfigurationDelegate : Finished Spring Data repository scanning in 594 ms. Found 9 JPA repository interfaces.
2026-04-30T13:30:09.093+01:00  INFO 15704 --- [EVALUATION] [           main] o.s.cloud.context.scope.GenericScope     : BeanFactory id=2d23461a-9084-32a0-8f9c-b0cade8040de
2026-04-30T13:30:10.050+01:00  INFO 15704 --- [EVALUATION] [           main] org.hibernate.orm.jpa                    : HHH008540: Processing PersistenceUnitInfo [name: default]
2026-04-30T13:30:10.381+01:00  INFO 15704 --- [EVALUATION] [           main] org.hibernate.orm.core                   : HHH000001: Hibernate ORM core version 7.2.1.Final
2026-04-30T13:30:11.666+01:00  INFO 15704 --- [EVALUATION] [           main] o.s.o.j.p.SpringPersistenceUnitInfo      : No LoadTimeWeaver setup: ignoring JPA class transformer
2026-04-30T13:30:11.757+01:00  INFO 15704 --- [EVALUATION] [           main] com.zaxxer.hikari.HikariDataSource       : HikariPool-1 - Starting...
2026-04-30T13:30:12.313+01:00  INFO 15704 --- [EVALUATION] [           main] com.zaxxer.hikari.pool.HikariPool        : HikariPool-1 - Added connection conn0: url=jdbc:h2:mem:evaluation_test user=SA
2026-04-30T13:30:12.316+01:00  INFO 15704 --- [EVALUATION] [           main] com.zaxxer.hikari.HikariDataSource       : HikariPool-1 - Start completed.
2026-04-30T13:30:12.376+01:00  WARN 15704 --- [EVALUATION] [           main] org.hibernate.orm.deprecation            : HHH90000025: H2Dialect does not need to be specified explicitly using 'hibernate.dialect' (remove the property setting and it will be selected by default)
2026-04-30T13:30:12.456+01:00  INFO 15704 --- [EVALUATION] [           main] org.hibernate.orm.connections.pooling    : HHH10001005: Database info:
	Database JDBC URL [jdbc:h2:mem:evaluation_test]
	Database driver: H2 JDBC Driver
	Database dialect: H2Dialect
	Database version: 2.4.240
	Default catalog/schema: EVALUATION_TEST/PUBLIC
	Autocommit mode: undefined/unknown
	Isolation level: READ_COMMITTED [default READ_COMMITTED]
	JDBC fetch size: 100
	Pool: DataSourceConnectionProvider
	Minimum pool size: undefined/unknown
	Maximum pool size: undefined/unknown
2026-04-30T13:30:18.002+01:00  INFO 15704 --- [EVALUATION] [           main] org.hibernate.orm.core                   : HHH000489: No JTA platform available (set 'hibernate.transaction.jta.platform' to enable JTA platform integration)
2026-04-30T13:30:18.288+01:00  INFO 15704 --- [EVALUATION] [           main] j.LocalContainerEntityManagerFactoryBean : Initialized JPA EntityManagerFactory for persistence unit 'default'
2026-04-30T13:30:19.043+01:00  INFO 15704 --- [EVALUATION] [           main] t.e.evaluation.client.ExamenLlmClient    : Examen LLM: enabled=false, useByDefault=false, availableForCalls=false, baseUrl=https://api.openai.com/v1, model=gpt-4o-mini, apiKeyConfigured=false
2026-04-30T13:30:19.492+01:00  WARN 15704 --- [EVALUATION] [           main] JpaBaseConfiguration$JpaWebConfiguration : spring.jpa.open-in-view is enabled by default. Therefore, database queries may be performed during view rendering. Explicitly configure spring.jpa.open-in-view to disable this warning
2026-04-30T13:30:20.187+01:00  INFO 15704 --- [EVALUATION] [           main] o.s.c.openfeign.FeignClientFactoryBean   : For 'FORMATION' URL not provided. Will try picking an instance via load-balancing.
2026-04-30T13:30:20.753+01:00  INFO 15704 --- [EVALUATION] [           main] o.s.c.openfeign.FeignClientFactoryBean   : For 'PROJECT' URL not provided. Will try picking an instance via load-balancing.
2026-04-30T13:30:20.889+01:00  INFO 15704 --- [EVALUATION] [           main] o.s.c.openfeign.FeignClientFactoryBean   : For 'SKILL' URL not provided. Will try picking an instance via load-balancing.
2026-04-30T13:30:21.677+01:00  INFO 15704 --- [EVALUATION] [           main] o.s.d.j.r.query.QueryEnhancerFactories   : Hibernate is in classpath; If applicable, HQL parser will be used.
2026-04-30T13:30:30.614+01:00  WARN 15704 --- [EVALUATION] [           main] ion$DefaultTemplateResolverConfiguration : Cannot find template location: classpath:/templates/ (please add some templates, check your Thymeleaf configuration, or set spring.thymeleaf.check-template-location=false)
2026-04-30T13:30:33.333+01:00  INFO 15704 --- [EVALUATION] [           main] DiscoveryClientOptionalArgsConfiguration : Eureka HTTP Client uses RestClient.
2026-04-30T13:30:33.460+01:00  WARN 15704 --- [EVALUATION] [           main] iguration$LoadBalancerCaffeineWarnLogger : Spring Cloud LoadBalancer is currently working with the default cache. While this cache implementation is useful for development and tests, it's recommended to use Caffeine cache in production.You can switch to using Caffeine cache, by adding it and org.springframework.cache.caffeine.CaffeineCacheManager to the classpath.
2026-04-30T13:30:33.513+01:00  INFO 15704 --- [EVALUATION] [           main] o.s.b.a.e.web.EndpointLinksResolver      : Exposing 2 endpoints beneath base path '/actuator'
2026-04-30T13:30:33.941+01:00  INFO 15704 --- [EVALUATION] [           main] t.e.e.EvaluationApplicationTests         : Started EvaluationApplicationTests in 30.845 seconds (process running for 35.752)
2026-04-30T13:30:34.283+01:00  INFO 15704 --- [EVALUATION] [           main] t.e.evaluation.EvaluationApplication     : EVALUATION démarré — validation IA : POST /api/examens/validate-question-ai | contrôle GET .../validate-question-ai/ping
]]></system-out>
  </testcase>
</testsuite>