<?xml version="1.0" encoding="UTF-8"?>
<testsuite xmlns:xsi="http://www.w3.org/2001/XMLSchema-instance" xsi:noNamespaceSchemaLocation="https://maven.apache.org/surefire/maven-surefire-plugin/xsd/surefire-test-report.xsd" version="3.0.2" name="tn.esprit.evaluation.EvaluationApplicationTests" time="51.854" tests="1" errors="0" skipped="0" failures="0">
  <properties>
[...]
</properties>
  <testcase name="contextLoads" classname="tn.esprit.evaluation.EvaluationApplicationTests" time="3.632">
    <system-out><![CDATA[18:49:39.058 [main] INFO org.springframework.test.context.support.AnnotationConfigContextLoaderUtils -- Could not detect default configuration classes for test class [tn.esprit.evaluation.EvaluationApplicationTests]: EvaluationApplicationTests does not declare any static, non-private, non-final, nested classes annotated with @Configuration.
18:49:39.494 [main] INFO org.springframework.boot.test.context.SpringBootTestContextBootstrapper -- Found @SpringBootConfiguration tn.esprit.evaluation.EvaluationApplication for test class tn.esprit.evaluation.EvaluationApplicationTests

  .   ____          _            __ _ _
 /\\ / ___'_ __ _ _(_)_ __  __ _ \ \ \ \
( ( )\___ | '_ | '_| | '_ \/ _` | \ \ \ \
 \\/  ___)| |_)| | | | | || (_| |  ) ) ) )
  '  |____| .__|_| |_|_| |_\__, | / / / /
 =========|_|==============|___/=/_/_/_/

 :: Spring Boot ::                (v4.0.2)

2026-04-03T18:49:44.771+01:00  INFO 25628 --- [EVALUATION] [           main] t.e.e.EvaluationApplicationTests         : Starting EvaluationApplicationTests using Java 22 with PID 25628 (started by benay in C:\Users\benay\Downloads\validation\backend\microservices\Evaluation)
2026-04-03T18:49:44.777+01:00  INFO 25628 --- [EVALUATION] [           main] t.e.e.EvaluationApplicationTests         : No active profile set, falling back to 1 default profile: "default"
2026-04-03T18:49:44.899+01:00  INFO 25628 --- [EVALUATION] [           main] o.s.c.c.c.ConfigServerConfigDataLoader   : Fetching config from server at : http://localhost:8888
2026-04-03T18:49:44.899+01:00  INFO 25628 --- [EVALUATION] [           main] o.s.c.c.c.ConfigServerConfigDataLoader   : Located environment: name=EVALUATION, profiles=[default], label=null, version=null, state=null
2026-04-03T18:49:47.965+01:00  INFO 25628 --- [EVALUATION] [           main] .s.d.r.c.RepositoryConfigurationDelegate : Bootstrapping Spring Data JPA repositories in DEFAULT mode.
2026-04-03T18:49:48.526+01:00  INFO 25628 --- [EVALUATION] [           main] .s.d.r.c.RepositoryConfigurationDelegate : Finished Spring Data repository scanning in 534 ms. Found 4 JPA repository interfaces.
2026-04-03T18:49:49.521+01:00  INFO 25628 --- [EVALUATION] [           main] o.s.cloud.context.scope.GenericScope     : BeanFactory id=d7c9063c-cfa8-35e5-a8ae-873f41c107cb
2026-04-03T18:49:50.437+01:00  INFO 25628 --- [EVALUATION] [           main] org.hibernate.orm.jpa                    : HHH008540: Processing PersistenceUnitInfo [name: default]
2026-04-03T18:49:50.666+01:00  INFO 25628 --- [EVALUATION] [           main] org.hibernate.orm.core                   : HHH000001: Hibernate ORM core version 7.2.1.Final
2026-04-03T18:49:52.514+01:00  INFO 25628 --- [EVALUATION] [           main] o.s.o.j.p.SpringPersistenceUnitInfo      : No LoadTimeWeaver setup: ignoring JPA class transformer
2026-04-03T18:49:52.673+01:00  INFO 25628 --- [EVALUATION] [           main] com.zaxxer.hikari.HikariDataSource       : HikariPool-1 - Starting...
2026-04-03T18:49:53.283+01:00  INFO 25628 --- [EVALUATION] [           main] com.zaxxer.hikari.pool.HikariPool        : HikariPool-1 - Added connection com.mysql.cj.jdbc.ConnectionImpl@4275ec8f
2026-04-03T18:49:53.287+01:00  INFO 25628 --- [EVALUATION] [           main] com.zaxxer.hikari.HikariDataSource       : HikariPool-1 - Start completed.
2026-04-03T18:49:53.440+01:00  WARN 25628 --- [EVALUATION] [           main] org.hibernate.orm.core                   : HHH000511: The 5.5.5 version for [org.hibernate.dialect.MySQLDialect] is no longer supported, hence certain features may not work properly.The minimum supported version is 8.0.0. Check the community dialects project for available legacy versions.
2026-04-03T18:49:53.451+01:00  WARN 25628 --- [EVALUATION] [           main] org.hibernate.orm.deprecation            : HHH90000025: MySQLDialect does not need to be specified explicitly using 'hibernate.dialect' (remove the property setting and it will be selected by default)
2026-04-03T18:49:53.521+01:00  INFO 25628 --- [EVALUATION] [           main] org.hibernate.orm.connections.pooling    : HHH10001005: Database info:
	Database JDBC URL [jdbc:mysql://localhost:3306/EvaluationDB?createDatabaseIfNotExist=true&useSSL=false&serverTimezone=UTC&allowPublicKeyRetrieval=true]
	Database driver: MySQL Connector/J
	Database dialect: MySQLDialect
	Database version: 5.5.5
	Default catalog/schema: EvaluationDB/undefined
	Autocommit mode: undefined/unknown
	Isolation level: REPEATABLE_READ [default REPEATABLE_READ]
	JDBC fetch size: none
	Pool: DataSourceConnectionProvider
	Minimum pool size: undefined/unknown
	Maximum pool size: undefined/unknown
2026-04-03T18:50:08.528+01:00  INFO 25628 --- [EVALUATION] [           main] org.hibernate.orm.core                   : HHH000489: No JTA platform available (set 'hibernate.transaction.jta.platform' to enable JTA platform integration)
2026-04-03T18:50:14.236+01:00  INFO 25628 --- [EVALUATION] [           main] j.LocalContainerEntityManagerFactoryBean : Initialized JPA EntityManagerFactory for persistence unit 'default'
2026-04-03T18:50:14.864+01:00  INFO 25628 --- [EVALUATION] [           main] o.s.d.j.r.query.QueryEnhancerFactories   : Hibernate is in classpath; If applicable, HQL parser will be used.
2026-04-03T18:50:17.654+01:00  WARN 25628 --- [EVALUATION] [           main] JpaBaseConfiguration$JpaWebConfiguration : spring.jpa.open-in-view is enabled by default. Therefore, database queries may be performed during view rendering. Explicitly configure spring.jpa.open-in-view to disable this warning
2026-04-03T18:50:18.729+01:00  WARN 25628 --- [EVALUATION] [           main] ion$DefaultTemplateResolverConfiguration : Cannot find template location: classpath:/templates/ (please add some templates, check your Thymeleaf configuration, or set spring.thymeleaf.check-template-location=false)
2026-04-03T18:50:20.169+01:00  INFO 25628 --- [EVALUATION] [           main] o.s.cloud.commons.util.InetUtils         : Cannot determine local hostname
2026-04-03T18:50:22.281+01:00  INFO 25628 --- [EVALUATION] [           main] o.s.cloud.commons.util.InetUtils         : Cannot determine local hostname
2026-04-03T18:50:22.319+01:00  INFO 25628 --- [EVALUATION] [           main] DiscoveryClientOptionalArgsConfiguration : Eureka HTTP Client uses RestClient.
2026-04-03T18:50:22.422+01:00  WARN 25628 --- [EVALUATION] [           main] iguration$LoadBalancerCaffeineWarnLogger : Spring Cloud LoadBalancer is currently working with the default cache. While this cache implementation is useful for development and tests, it's recommended to use Caffeine cache in production.You can switch to using Caffeine cache, by adding it and org.springframework.cache.caffeine.CaffeineCacheManager to the classpath.
2026-04-03T18:50:22.437+01:00  INFO 25628 --- [EVALUATION] [           main] o.s.b.a.e.web.EndpointLinksResolver      : Exposing 2 endpoints beneath base path '/actuator'
2026-04-03T18:50:22.599+01:00  INFO 25628 --- [EVALUATION] [           main] o.s.c.n.eureka.InstanceInfoFactory       : Setting initial instance status as: STARTING
2026-04-03T18:50:22.677+01:00  INFO 25628 --- [EVALUATION] [           main] com.netflix.discovery.DiscoveryClient    : Initializing Eureka in region us-east-1
2026-04-03T18:50:22.693+01:00  INFO 25628 --- [EVALUATION] [           main] c.n.d.s.r.aws.ConfigClusterResolver      : Resolving eureka endpoints via configuration
2026-04-03T18:50:22.725+01:00  INFO 25628 --- [EVALUATION] [           main] com.netflix.discovery.DiscoveryClient    : Disable delta property : false
2026-04-03T18:50:22.726+01:00  INFO 25628 --- [EVALUATION] [           main] com.netflix.discovery.DiscoveryClient    : Single vip registry refresh property : null
2026-04-03T18:50:22.726+01:00  INFO 25628 --- [EVALUATION] [           main] com.netflix.discovery.DiscoveryClient    : Force full registry fetch : false
2026-04-03T18:50:22.726+01:00  INFO 25628 --- [EVALUATION] [           main] com.netflix.discovery.DiscoveryClient    : Application is null : false
2026-04-03T18:50:22.727+01:00  INFO 25628 --- [EVALUATION] [           main] com.netflix.discovery.DiscoveryClient    : Registered Applications size is zero : true
2026-04-03T18:50:22.727+01:00  INFO 25628 --- [EVALUATION] [           main] com.netflix.discovery.DiscoveryClient    : Application version is -1: true
2026-04-03T18:50:22.727+01:00  INFO 25628 --- [EVALUATION] [           main] com.netflix.discovery.DiscoveryClient    : Getting all instance registry info from the eureka server
2026-04-03T18:50:23.969+01:00  INFO 25628 --- [EVALUATION] [           main] com.netflix.discovery.DiscoveryClient    : The response status is 200
2026-04-03T18:50:23.989+01:00  INFO 25628 --- [EVALUATION] [           main] com.netflix.discovery.DiscoveryClient    : Starting heartbeat executor: renew interval is: 30
2026-04-03T18:50:24.014+01:00  INFO 25628 --- [EVALUATION] [           main] c.n.discovery.InstanceInfoReplicator     : InstanceInfoReplicator onDemand update allowed rate per min is 4
2026-04-03T18:50:24.027+01:00  INFO 25628 --- [EVALUATION] [           main] com.netflix.discovery.DiscoveryClient    : Discovery Client initialized at timestamp 1775238624026 with initial instances count: 7
2026-04-03T18:50:24.073+01:00  INFO 25628 --- [EVALUATION] [           main] o.s.c.n.e.s.EurekaServiceRegistry        : Registering application EVALUATION with eureka with status UP
2026-04-03T18:50:24.092+01:00  INFO 25628 --- [EVALUATION] [           main] com.netflix.discovery.DiscoveryClient    : Saw local status change event StatusChangeEvent [timestamp=1775238624092, current=UP, previous=STARTING]
2026-04-03T18:50:24.141+01:00  INFO 25628 --- [EVALUATION] [foReplicator-%d] com.netflix.discovery.DiscoveryClient    : DiscoveryClient_EVALUATION/EVALUATION:8083: registering service...
2026-04-03T18:50:24.546+01:00  INFO 25628 --- [EVALUATION] [           main] t.e.e.EvaluationApplicationTests         : Started EvaluationApplicationTests in 44.003 seconds (process running for 49.713)
2026-04-03T18:50:25.855+01:00  INFO 25628 --- [EVALUATION] [foReplicator-%d] com.netflix.discovery.DiscoveryClient    : DiscoveryClient_EVALUATION/EVALUATION:8083 - registration status: 204
]]></system-out>
    <system-err><![CDATA[Mockito is currently self-attaching to enable the inline-mock-maker. This will no longer work in future releases of the JDK. Please add Mockito as an agent to your build as described in Mockito's documentation: https://javadoc.io/doc/org.mockito/mockito-core/latest/org.mockito/org/mockito/Mockito.html#0.3
WARNING: A Java agent has been loaded dynamically (C:\Users\benay\.m2\repository\net\bytebuddy\byte-buddy-agent\1.17.8\byte-buddy-agent-1.17.8.jar)
WARNING: If a serviceability tool is in use, please run with -XX:+EnableDynamicAgentLoading to hide this warning
WARNING: If a serviceability tool is not in use, please run with -Djdk.instrument.traceUsage for more information
WARNING: Dynamic loading of agents will be disallowed by default in a future release
]]></system-err>
  </testcase>
</testsuite>