<?xml version="1.0" encoding="UTF-8"?>
<testsuite xmlns:xsi="http://www.w3.org/2001/XMLSchema-instance" xsi:noNamespaceSchemaLocation="https://maven.apache.org/surefire/maven-surefire-plugin/xsd/surefire-test-report.xsd" version="3.0.2" name="esprit.skill.SkillApplicationTests" time="12.049" tests="1" errors="0" skipped="0" failures="0">
  <properties>
[...]
</properties>
  <testcase name="contextLoads" classname="esprit.skill.SkillApplicationTests" time="0.464">
    <system-out><![CDATA[21:25:28.480 [main] INFO org.springframework.test.context.support.AnnotationConfigContextLoaderUtils -- Could not detect default configuration classes for test class [esprit.skill.SkillApplicationTests]: SkillApplicationTests does not declare any static, non-private, non-final, nested classes annotated with @Configuration.
21:25:28.640 [main] INFO org.springframework.boot.test.context.SpringBootTestContextBootstrapper -- Found @SpringBootConfiguration esprit.skill.SkillApplication for test class esprit.skill.SkillApplicationTests

  .   ____          _            __ _ _
 /\\ / ___'_ __ _ _(_)_ __  __ _ \ \ \ \
( ( )\___ | '_ | '_| | '_ \/ _` | \ \ \ \
 \\/  ___)| |_)| | | | | || (_| |  ) ) ) )
  '  |____| .__|_| |_|_| |_\__, | / / / /
 =========|_|==============|___/=/_/_/_/

 :: Spring Boot ::                (v4.0.2)

2026-04-03T21:25:31.360+01:00  INFO 23740 --- [SKILL] [           main] esprit.skill.SkillApplicationTests       : Starting SkillApplicationTests using Java 22 with PID 23740 (started by benay in C:\Users\benay\Downloads\validation\backend\microservices\Skill)
2026-04-03T21:25:31.365+01:00  INFO 23740 --- [SKILL] [           main] esprit.skill.SkillApplicationTests       : The following 1 profile is active: "test"
2026-04-03T21:25:31.418+01:00  INFO 23740 --- [SKILL] [           main] o.s.c.c.c.ConfigServerConfigDataLoader   : Fetching config from server at : http://localhost:8888
2026-04-03T21:25:31.418+01:00  INFO 23740 --- [SKILL] [           main] o.s.c.c.c.ConfigServerConfigDataLoader   : Exception on Url - http://localhost:8888:org.springframework.web.client.ResourceAccessException: I/O error on GET request for "http://localhost:8888/SKILL/default": Connection refused: getsockopt. Will be trying the next url if available
2026-04-03T21:25:31.418+01:00  WARN 23740 --- [SKILL] [           main] o.s.c.c.c.ConfigServerConfigDataLoader   : Could not locate PropertySource ([ConfigServerConfigDataResource@5981f4a6 uris = array<String>['http://localhost:8888'], optional = true, profiles = 'default']): I/O error on GET request for "http://localhost:8888/SKILL/default": Connection refused: getsockopt
2026-04-03T21:25:31.420+01:00  INFO 23740 --- [SKILL] [           main] o.s.c.c.c.ConfigServerConfigDataLoader   : Fetching config from server at : http://localhost:8888
2026-04-03T21:25:31.420+01:00  INFO 23740 --- [SKILL] [           main] o.s.c.c.c.ConfigServerConfigDataLoader   : Exception on Url - http://localhost:8888:org.springframework.web.client.ResourceAccessException: I/O error on GET request for "http://localhost:8888/SKILL/test": Connection refused: getsockopt. Will be trying the next url if available
2026-04-03T21:25:31.420+01:00  WARN 23740 --- [SKILL] [           main] o.s.c.c.c.ConfigServerConfigDataLoader   : Could not locate PropertySource ([ConfigServerConfigDataResource@3fba233d uris = array<String>['http://localhost:8888'], optional = true, profiles = 'test']): I/O error on GET request for "http://localhost:8888/SKILL/test": Connection refused: getsockopt
2026-04-03T21:25:31.420+01:00  INFO 23740 --- [SKILL] [           main] o.s.c.c.c.ConfigServerConfigDataLoader   : Fetching config from server at : http://localhost:8888
2026-04-03T21:25:31.421+01:00  INFO 23740 --- [SKILL] [           main] o.s.c.c.c.ConfigServerConfigDataLoader   : Exception on Url - http://localhost:8888:org.springframework.web.client.ResourceAccessException: I/O error on GET request for "http://localhost:8888/SKILL/default": Connection refused: getsockopt. Will be trying the next url if available
2026-04-03T21:25:31.421+01:00  WARN 23740 --- [SKILL] [           main] o.s.c.c.c.ConfigServerConfigDataLoader   : Could not locate PropertySource ([ConfigServerConfigDataResource@427ae189 uris = array<String>['http://localhost:8888'], optional = true, profiles = 'default']): I/O error on GET request for "http://localhost:8888/SKILL/default": Connection refused: getsockopt
2026-04-03T21:25:32.903+01:00  INFO 23740 --- [SKILL] [           main] .s.d.r.c.RepositoryConfigurationDelegate : Bootstrapping Spring Data JPA repositories in DEFAULT mode.
2026-04-03T21:25:33.078+01:00  INFO 23740 --- [SKILL] [           main] .s.d.r.c.RepositoryConfigurationDelegate : Finished Spring Data repository scanning in 164 ms. Found 1 JPA repository interface.
2026-04-03T21:25:33.640+01:00  INFO 23740 --- [SKILL] [           main] o.s.cloud.context.scope.GenericScope     : BeanFactory id=63eaf935-5e54-3280-b276-80c790f258b3
2026-04-03T21:25:34.211+01:00  INFO 23740 --- [SKILL] [           main] org.hibernate.orm.jpa                    : HHH008540: Processing PersistenceUnitInfo [name: default]
2026-04-03T21:25:34.324+01:00  INFO 23740 --- [SKILL] [           main] org.hibernate.orm.core                   : HHH000001: Hibernate ORM core version 7.2.1.Final
2026-04-03T21:25:35.097+01:00  INFO 23740 --- [SKILL] [           main] o.s.o.j.p.SpringPersistenceUnitInfo      : No LoadTimeWeaver setup: ignoring JPA class transformer
2026-04-03T21:25:35.144+01:00  INFO 23740 --- [SKILL] [           main] com.zaxxer.hikari.HikariDataSource       : HikariPool-1 - Starting...
2026-04-03T21:25:35.379+01:00  INFO 23740 --- [SKILL] [           main] com.zaxxer.hikari.pool.HikariPool        : HikariPool-1 - Added connection com.mysql.cj.jdbc.ConnectionImpl@2e096ac0
2026-04-03T21:25:35.382+01:00  INFO 23740 --- [SKILL] [           main] com.zaxxer.hikari.HikariDataSource       : HikariPool-1 - Start completed.
2026-04-03T21:25:35.437+01:00  WARN 23740 --- [SKILL] [           main] org.hibernate.orm.core                   : HHH000511: The 5.5.5 version for [org.hibernate.dialect.MySQLDialect] is no longer supported, hence certain features may not work properly.The minimum supported version is 8.0.0. Check the community dialects project for available legacy versions.
2026-04-03T21:25:35.440+01:00  WARN 23740 --- [SKILL] [           main] org.hibernate.orm.deprecation            : HHH90000025: MySQLDialect does not need to be specified explicitly using 'hibernate.dialect' (remove the property setting and it will be selected by default)
2026-04-03T21:25:35.462+01:00  INFO 23740 --- [SKILL] [           main] org.hibernate.orm.connections.pooling    : HHH10001005: Database info:
	Database JDBC URL [jdbc:mysql://localhost:3306/skill?createDatabaseIfNotExist=true&useSSL=false&allowPublicKeyRetrieval=true&serverTimezone=UTC]
	Database driver: MySQL Connector/J
	Database dialect: MySQLDialect
	Database version: 5.5.5
	Default catalog/schema: skill/undefined
	Autocommit mode: undefined/unknown
	Isolation level: REPEATABLE_READ [default REPEATABLE_READ]
	JDBC fetch size: none
	Pool: DataSourceConnectionProvider
	Minimum pool size: undefined/unknown
	Maximum pool size: undefined/unknown
2026-04-03T21:25:36.627+01:00  INFO 23740 --- [SKILL] [           main] org.hibernate.orm.core                   : HHH000489: No JTA platform available (set 'hibernate.transaction.jta.platform' to enable JTA platform integration)
Hibernate: alter table skill modify column category enum ('AI','CYBERSECURITY','DATA_SCIENCE','DESIGN','DEVOPS','MOBILE_DEVELOPMENT','WEB_DEVELOPMENT') not null
2026-04-03T21:25:36.780+01:00  INFO 23740 --- [SKILL] [           main] j.LocalContainerEntityManagerFactoryBean : Initialized JPA EntityManagerFactory for persistence unit 'default'
2026-04-03T21:25:36.906+01:00  INFO 23740 --- [SKILL] [           main] o.s.d.j.r.query.QueryEnhancerFactories   : Hibernate is in classpath; If applicable, HQL parser will be used.
2026-04-03T21:25:37.294+01:00  WARN 23740 --- [SKILL] [           main] JpaBaseConfiguration$JpaWebConfiguration : spring.jpa.open-in-view is enabled by default. Therefore, database queries may be performed during view rendering. Explicitly configure spring.jpa.open-in-view to disable this warning
2026-04-03T21:25:39.368+01:00  INFO 23740 --- [SKILL] [           main] o.s.cloud.commons.util.InetUtils         : Cannot determine local hostname
2026-04-03T21:25:39.390+01:00  INFO 23740 --- [SKILL] [           main] DiscoveryClientOptionalArgsConfiguration : Eureka HTTP Client uses RestClient.
2026-04-03T21:25:39.442+01:00  WARN 23740 --- [SKILL] [           main] iguration$LoadBalancerCaffeineWarnLogger : Spring Cloud LoadBalancer is currently working with the default cache. While this cache implementation is useful for development and tests, it's recommended to use Caffeine cache in production.You can switch to using Caffeine cache, by adding it and org.springframework.cache.caffeine.CaffeineCacheManager to the classpath.
2026-04-03T21:25:39.450+01:00  INFO 23740 --- [SKILL] [           main] o.s.b.a.e.web.EndpointLinksResolver      : Exposing 2 endpoints beneath base path '/actuator'
2026-04-03T21:25:39.548+01:00  INFO 23740 --- [SKILL] [           main] esprit.skill.SkillApplicationTests       : Started SkillApplicationTests in 10.421 seconds (process running for 12.555)
]]></system-out>
    <system-err><![CDATA[Mockito is currently self-attaching to enable the inline-mock-maker. This will no longer work in future releases of the JDK. Please add Mockito as an agent to your build as described in Mockito's documentation: https://javadoc.io/doc/org.mockito/mockito-core/latest/org.mockito/org/mockito/Mockito.html#0.3
WARNING: A Java agent has been loaded dynamically (C:\Users\benay\.m2\repository\net\bytebuddy\byte-buddy-agent\1.17.8\byte-buddy-agent-1.17.8.jar)
WARNING: If a serviceability tool is in use, please run with -XX:+EnableDynamicAgentLoading to hide this warning
WARNING: If a serviceability tool is not in use, please run with -Djdk.instrument.traceUsage for more information
WARNING: Dynamic loading of agents will be disallowed by default in a future release
]]></system-err>
  </testcase>
</testsuite>